# JRE version: OpenJDK Runtime Environment Temurin-21.0.11+10 (21.0.11+10) (build 21.0.11+10-LTS)
# Java VM: OpenJDK 64-Bit Server VM Temurin-21.0.11+10 (21.0.11+10-LTS, mixed mode, sharing, tiered, compressed oops, compressed class ptrs, parallel gc, linux-amd64)
GC Precious Log:
 CardTable entry size: 512
 CPUs: 4 total, 4 available
 Memory: 7875M
 Large Page Support: Disabled
 NUMA Support: Disabled
 Compressed Oops: Enabled (32-bit)
 Alignments: Space 512K, Generation 512K, Heap 2M
 Heap Min Capacity: 100M
 Heap Initial Capacity: 100M
 Heap Max Capacity: 2G
 Pre-touch: Disabled
 Parallel Workers: 4
Heap:
 PSYoungGen      total 32768K, used 0K [0x00000000d5580000, 0x00000000d7c80000, 0x0000000100000000)
  eden space 28160K, 0% used [0x00000000d5580000,0x00000000d5580000,0x00000000d7100000)
  from space 4608K, 0% used [0x00000000d7100000,0x00000000d7100000,0x00000000d7580000)
  to   space 4608K, 0% used [0x00000000d7800000,0x00000000d7800000,0x00000000d7c80000)
 ParOldGen       total 113664K, used 51654K [0x0000000080000000, 0x0000000086f00000, 0x00000000d5580000)
  object space 113664K, 45% used [0x0000000080000000,0x0000000083271940,0x0000000086f00000)
 Metaspace       used 67272K, committed 68480K, reserved 1114112K
  class space    used 6912K, committed 7424K, reserved 1048576K
GC Heap History (20 events):
Event: 7334,090 GC heap before
{Heap before GC invocations=53 (full 5):
 PSYoungGen      total 26624K, used 26618K [0x00000000d5580000, 0x00000000d7880000, 0x0000000100000000)
  eden space 22528K, 100% used [0x00000000d5580000,0x00000000d6b80000,0x00000000d6b80000)
  from space 4096K, 99% used [0x00000000d6b80000,0x00000000d6f7eb20,0x00000000d6f80000)
  to   space 6144K, 0% used [0x00000000d7280000,0x00000000d7280000,0x00000000d7880000)
 ParOldGen       total 1398272K, used 47586K [0x0000000080000000, 0x00000000d5580000, 0x00000000d5580000)
  object space 1398272K, 3% used [0x0000000080000000,0x0000000082e78920,0x00000000d5580000)
 Metaspace       used 65807K, committed 67008K, reserved 1114112K
  class space    used 6894K, committed 7424K, reserved 1048576K
}
Event: 7334,102 GC heap after
{Heap after GC invocations=53 (full 5):
 PSYoungGen      total 28672K, used 5024K [0x00000000d5580000, 0x00000000d7780000, 0x0000000100000000)
  eden space 23552K, 0% used [0x00000000d5580000,0x00000000d5580000,0x00000000d6c80000)
  from space 5120K, 98% used [0x00000000d7280000,0x00000000d7768010,0x00000000d7780000)
  to   space 5632K, 0% used [0x00000000d6c80000,0x00000000d6c80000,0x00000000d7200000)
 ParOldGen       total 1398272K, used 48647K [0x0000000080000000, 0x00000000d5580000, 0x00000000d5580000)
  object space 1398272K, 3% used [0x0000000080000000,0x0000000082f81cf0,0x00000000d5580000)
 Metaspace       used 65807K, committed 67008K, reserved 1114112K
  class space    used 6894K, committed 7424K, reserved 1048576K
}
Event: 7334,216 GC heap before
{Heap before GC invocations=54 (full 5):
 PSYoungGen      total 28672K, used 28576K [0x00000000d5580000, 0x00000000d7780000, 0x0000000100000000)
  eden space 23552K, 100% used [0x00000000d5580000,0x00000000d6c80000,0x00000000d6c80000)
  from space 5120K, 98% used [0x00000000d7280000,0x00000000d7768010,0x00000000d7780000)
  to   space 5632K, 0% used [0x00000000d6c80000,0x00000000d6c80000,0x00000000d7200000)
 ParOldGen       total 1398272K, used 48647K [0x0000000080000000, 0x00000000d5580000, 0x00000000d5580000)
  object space 1398272K, 3% used [0x0000000080000000,0x0000000082f81cf0,0x00000000d5580000)
 Metaspace       used 65814K, committed 67008K, reserved 1114112K
  class space    used 6894K, committed 7424K, reserved 1048576K
}
Event: 7334,227 GC heap after
{Heap after GC invocations=54 (full 5):
 PSYoungGen      total 29184K, used 5600K [0x00000000d5580000, 0x00000000d7b80000, 0x0000000100000000)
  eden space 23552K, 0% used [0x00000000d5580000,0x00000000d5580000,0x00000000d6c80000)
  from space 5632K, 99% used [0x00000000d6c80000,0x00000000d71f8010,0x00000000d7200000)
  to   space 7168K, 0% used [0x00000000d7480000,0x00000000d7480000,0x00000000d7b80000)
 ParOldGen       total 1398272K, used 49823K [0x0000000080000000, 0x00000000d5580000, 0x00000000d5580000)
  object space 1398272K, 3% used [0x0000000080000000,0x00000000830a7cf0,0x00000000d5580000)
 Metaspace       used 65814K, committed 67008K, reserved 1114112K
  class space    used 6894K, committed 7424K, reserved 1048576K
}
Event: 7336,088 GC heap before
{Heap before GC invocations=55 (full 5):
 PSYoungGen      total 29184K, used 29152K [0x00000000d5580000, 0x00000000d7b80000, 0x0000000100000000)
  eden space 23552K, 100% used [0x00000000d5580000,0x00000000d6c80000,0x00000000d6c80000)
  from space 5632K, 99% used [0x00000000d6c80000,0x00000000d71f8010,0x00000000d7200000)
  to   space 7168K, 0% used [0x00000000d7480000,0x00000000d7480000,0x00000000d7b80000)
 ParOldGen       total 1398272K, used 49823K [0x0000000080000000, 0x00000000d5580000, 0x00000000d5580000)
  object space 1398272K, 3% used [0x0000000080000000,0x00000000830a7cf0,0x00000000d5580000)
 Metaspace       used 65995K, committed 67200K, reserved 1114112K
  class space    used 6898K, committed 7424K, reserved 1048576K
}
Event: 7336,115 GC heap after
{Heap after GC invocations=55 (full 5):
 PSYoungGen      total 30208K, used 5168K [0x00000000d5580000, 0x00000000d7a00000, 0x0000000100000000)
  eden space 24576K, 0% used [0x00000000d5580000,0x00000000d5580000,0x00000000d6d80000)
  from space 5632K, 91% used [0x00000000d7480000,0x00000000d798c020,0x00000000d7a00000)
  to   space 6144K, 0% used [0x00000000d6e00000,0x00000000d6e00000,0x00000000d7400000)
 ParOldGen       total 1398272K, used 52743K [0x0000000080000000, 0x00000000d5580000, 0x00000000d5580000)
  object space 1398272K, 3% used [0x0000000080000000,0x0000000083381cf0,0x00000000d5580000)
 Metaspace       used 65995K, committed 67200K, reserved 1114112K
  class space    used 6898K, committed 7424K, reserved 1048576K
}
Event: 7354,037 GC heap before
{Heap before GC invocations=56 (full 5):
 PSYoungGen      total 30208K, used 29744K [0x00000000d5580000, 0x00000000d7a00000, 0x0000000100000000)
  eden space 24576K, 100% used [0x00000000d5580000,0x00000000d6d80000,0x00000000d6d80000)
  from space 5632K, 91% used [0x00000000d7480000,0x00000000d798c020,0x00000000d7a00000)
  to   space 6144K, 0% used [0x00000000d6e00000,0x00000000d6e00000,0x00000000d7400000)
 ParOldGen       total 1398272K, used 52743K [0x0000000080000000, 0x00000000d5580000, 0x00000000d5580000)
  object space 1398272K, 3% used [0x0000000080000000,0x0000000083381cf0,0x00000000d5580000)
 Metaspace       used 66456K, committed 67648K, reserved 1114112K
  class space    used 6900K, committed 7424K, reserved 1048576K
}
Event: 7354,050 GC heap after
{Heap after GC invocations=56 (full 5):
 PSYoungGen      total 31232K, used 5456K [0x00000000d5580000, 0x00000000d7980000, 0x0000000100000000)
  eden space 25088K, 0% used [0x00000000d5580000,0x00000000d5580000,0x00000000d6e00000)
  from space 6144K, 88% used [0x00000000d6e00000,0x00000000d7354020,0x00000000d7400000)
  to   space 5632K, 0% used [0x00000000d7400000,0x00000000d7400000,0x00000000d7980000)
 ParOldGen       total 1398272K, used 52751K [0x0000000080000000, 0x00000000d5580000, 0x00000000d5580000)
  object space 1398272K, 3% used [0x0000000080000000,0x0000000083383cf0,0x00000000d5580000)
 Metaspace       used 66456K, committed 67648K, reserved 1114112K
  class space    used 6900K, committed 7424K, reserved 1048576K
}
Event: 7754,598 GC heap before
{Heap before GC invocations=57 (full 5):
 PSYoungGen      total 31232K, used 30544K [0x00000000d5580000, 0x00000000d7980000, 0x0000000100000000)
  eden space 25088K, 100% used [0x00000000d5580000,0x00000000d6e00000,0x00000000d6e00000)
  from space 6144K, 88% used [0x00000000d6e00000,0x00000000d7354020,0x00000000d7400000)
  to   space 5632K, 0% used [0x00000000d7400000,0x00000000d7400000,0x00000000d7980000)
 ParOldGen       total 1398272K, used 52751K [0x0000000080000000, 0x00000000d5580000, 0x00000000d5580000)
  object space 1398272K, 3% used [0x0000000080000000,0x0000000083383cf0,0x00000000d5580000)
 Metaspace       used 66837K, committed 68032K, reserved 1114112K
  class space    used 6904K, committed 7424K, reserved 1048576K
}
Event: 7754,606 GC heap after
{Heap after GC invocations=57 (full 5):
 PSYoungGen      total 30720K, used 4640K [0x00000000d5580000, 0x00000000d7900000, 0x0000000100000000)
  eden space 25600K, 0% used [0x00000000d5580000,0x00000000d5580000,0x00000000d6e80000)
  from space 5120K, 90% used [0x00000000d7400000,0x00000000d7888010,0x00000000d7900000)
  to   space 5120K, 0% used [0x00000000d6f00000,0x00000000d6f00000,0x00000000d7400000)
 ParOldGen       total 1398272K, used 52759K [0x0000000080000000, 0x00000000d5580000, 0x00000000d5580000)
  object space 1398272K, 3% used [0x0000000080000000,0x0000000083385cf0,0x00000000d5580000)
 Metaspace       used 66837K, committed 68032K, reserved 1114112K
  class space    used 6904K, committed 7424K, reserved 1048576K
}
Event: 10493,804 GC heap before
{Heap before GC invocations=58 (full 5):
 PSYoungGen      total 30720K, used 30240K [0x00000000d5580000, 0x00000000d7900000, 0x0000000100000000)
  eden space 25600K, 100% used [0x00000000d5580000,0x00000000d6e80000,0x00000000d6e80000)
  from space 5120K, 90% used [0x00000000d7400000,0x00000000d7888010,0x00000000d7900000)
  to   space 5120K, 0% used [0x00000000d6f00000,0x00000000d6f00000,0x00000000d7400000)
 ParOldGen       total 1398272K, used 52759K [0x0000000080000000, 0x00000000d5580000, 0x00000000d5580000)
  object space 1398272K, 3% used [0x0000000080000000,0x0000000083385cf0,0x00000000d5580000)
 Metaspace       used 66979K, committed 68160K, reserved 1114112K
  class space    used 6906K, committed 7424K, reserved 1048576K
}
Event: 10496,682 GC heap after
{Heap after GC invocations=58 (full 5):
 PSYoungGen      total 31232K, used 5104K [0x00000000d5580000, 0x00000000d7a00000, 0x0000000100000000)
  eden space 26112K, 0% used [0x00000000d5580000,0x00000000d5580000,0x00000000d6f00000)
  from space 5120K, 99% used [0x00000000d6f00000,0x00000000d73fc060,0x00000000d7400000)
  to   space 5632K, 0% used [0x00000000d7480000,0x00000000d7480000,0x00000000d7a00000)
 ParOldGen       total 1398272K, used 52975K [0x0000000080000000, 0x00000000d5580000, 0x00000000d5580000)
  object space 1398272K, 3% used [0x0000000080000000,0x00000000833bbcf0,0x00000000d5580000)
 Metaspace       used 66979K, committed 68160K, reserved 1114112K
  class space    used 6906K, committed 7424K, reserved 1048576K
}
Event: 28144,035 GC heap before
{Heap before GC invocations=59 (full 5):
 PSYoungGen      total 31232K, used 31216K [0x00000000d5580000, 0x00000000d7a00000, 0x0000000100000000)
  eden space 26112K, 100% used [0x00000000d5580000,0x00000000d6f00000,0x00000000d6f00000)
  from space 5120K, 99% used [0x00000000d6f00000,0x00000000d73fc060,0x00000000d7400000)
  to   space 5632K, 0% used [0x00000000d7480000,0x00000000d7480000,0x00000000d7a00000)
 ParOldGen       total 1398272K, used 52975K [0x0000000080000000, 0x00000000d5580000, 0x00000000d5580000)
  object space 1398272K, 3% used [0x0000000080000000,0x00000000833bbcf0,0x00000000d5580000)
 Metaspace       used 67131K, committed 68352K, reserved 1114112K
  class space    used 6911K, committed 7424K, reserved 1048576K
}
Event: 28145,916 GC heap after
{Heap after GC invocations=59 (full 5):
 PSYoungGen      total 31744K, used 4573K [0x00000000d5580000, 0x00000000d7980000, 0x0000000100000000)
  eden space 26624K, 0% used [0x00000000d5580000,0x00000000d5580000,0x00000000d6f80000)
  from space 5120K, 89% used [0x00000000d7480000,0x00000000d78f7540,0x00000000d7980000)
  to   space 5120K, 0% used [0x00000000d6f80000,0x00000000d6f80000,0x00000000d7480000)
 ParOldGen       total 1398272K, used 55700K [0x0000000080000000, 0x00000000d5580000, 0x00000000d5580000)
  object space 1398272K, 3% used [0x0000000080000000,0x0000000083665228,0x00000000d5580000)
 Metaspace       used 67131K, committed 68352K, reserved 1114112K
  class space    used 6911K, committed 7424K, reserved 1048576K
}
Event: 28176,377 GC heap before
{Heap before GC invocations=60 (full 5):
 PSYoungGen      total 31744K, used 18601K [0x00000000d5580000, 0x00000000d7980000, 0x0000000100000000)
  eden space 26624K, 52% used [0x00000000d5580000,0x00000000d6333298,0x00000000d6f80000)
  from space 5120K, 89% used [0x00000000d7480000,0x00000000d78f7540,0x00000000d7980000)
  to   space 5120K, 0% used [0x00000000d6f80000,0x00000000d6f80000,0x00000000d7480000)
 ParOldGen       total 1398272K, used 55700K [0x0000000080000000, 0x00000000d5580000, 0x00000000d5580000)
  object space 1398272K, 3% used [0x0000000080000000,0x0000000083665228,0x00000000d5580000)
 Metaspace       used 67307K, committed 68480K, reserved 1114112K
  class space    used 6921K, committed 7424K, reserved 1048576K
}
Event: 28176,563 GC heap after
{Heap after GC invocations=60 (full 5):
 PSYoungGen      total 31744K, used 5117K [0x00000000d5580000, 0x00000000d7b00000, 0x0000000100000000)
  eden space 26624K, 0% used [0x00000000d5580000,0x00000000d5580000,0x00000000d6f80000)
  from space 5120K, 99% used [0x00000000d6f80000,0x00000000d747f580,0x00000000d7480000)
  to   space 5632K, 0% used [0x00000000d7580000,0x00000000d7580000,0x00000000d7b00000)
 ParOldGen       total 1398272K, used 55921K [0x0000000080000000, 0x00000000d5580000, 0x00000000d5580000)
  object space 1398272K, 3% used [0x0000000080000000,0x000000008369c6d8,0x00000000d5580000)
 Metaspace       used 67307K, committed 68480K, reserved 1114112K
  class space    used 6921K, committed 7424K, reserved 1048576K
}
Event: 28176,563 GC heap before
{Heap before GC invocations=61 (full 5):
 PSYoungGen      total 31744K, used 5117K [0x00000000d5580000, 0x00000000d7b00000, 0x0000000100000000)
  eden space 26624K, 0% used [0x00000000d5580000,0x00000000d5580000,0x00000000d6f80000)
  from space 5120K, 99% used [0x00000000d6f80000,0x00000000d747f580,0x00000000d7480000)
  to   space 5632K, 0% used [0x00000000d7580000,0x00000000d7580000,0x00000000d7b00000)
 ParOldGen       total 1398272K, used 55921K [0x0000000080000000, 0x00000000d5580000, 0x00000000d5580000)
  object space 1398272K, 3% used [0x0000000080000000,0x000000008369c6d8,0x00000000d5580000)
 Metaspace       used 67307K, committed 68480K, reserved 1114112K
  class space    used 6921K, committed 7424K, reserved 1048576K
}
Event: 28176,594 GC heap after
{Heap after GC invocations=61 (full 5):
 PSYoungGen      total 33280K, used 3437K [0x00000000d5580000, 0x00000000d7a80000, 0x0000000100000000)
  eden space 28160K, 0% used [0x00000000d5580000,0x00000000d5580000,0x00000000d7100000)
  from space 5120K, 67% used [0x00000000d7580000,0x00000000d78db570,0x00000000d7a80000)
  to   space 4608K, 0% used [0x00000000d7100000,0x00000000d7100000,0x00000000d7580000)
 ParOldGen       total 1398272K, used 57706K [0x0000000080000000, 0x00000000d5580000, 0x00000000d5580000)
  object space 1398272K, 4% used [0x0000000080000000,0x000000008385ab10,0x00000000d5580000)
 Metaspace       used 67307K, committed 68480K, reserved 1114112K
  class space    used 6921K, committed 7424K, reserved 1048576K
}
Event: 28176,600 GC heap before
{Heap before GC invocations=62 (full 6):
 PSYoungGen      total 33280K, used 3437K [0x00000000d5580000, 0x00000000d7a80000, 0x0000000100000000)
  eden space 28160K, 0% used [0x00000000d5580000,0x00000000d5580000,0x00000000d7100000)
  from space 5120K, 67% used [0x00000000d7580000,0x00000000d78db570,0x00000000d7a80000)
  to   space 4608K, 0% used [0x00000000d7100000,0x00000000d7100000,0x00000000d7580000)
 ParOldGen       total 1398272K, used 57706K [0x0000000080000000, 0x00000000d5580000, 0x00000000d5580000)
  object space 1398272K, 4% used [0x0000000080000000,0x000000008385ab10,0x00000000d5580000)
 Metaspace       used 67307K, committed 68480K, reserved 1114112K
  class space    used 6921K, committed 7424K, reserved 1048576K
}
Event: 29193,997 GC heap after
{Heap after GC invocations=62 (full 6):
 PSYoungGen      total 32768K, used 0K [0x00000000d5580000, 0x00000000d7c80000, 0x0000000100000000)
  eden space 28160K, 0% used [0x00000000d5580000,0x00000000d5580000,0x00000000d7100000)
  from space 4608K, 0% used [0x00000000d7100000,0x00000000d7100000,0x00000000d7580000)
  to   space 4608K, 0% used [0x00000000d7800000,0x00000000d7800000,0x00000000d7c80000)
 ParOldGen       total 113664K, used 51654K [0x0000000080000000, 0x0000000086f00000, 0x00000000d5580000)
  object space 113664K, 45% used [0x0000000080000000,0x0000000083271940,0x0000000086f00000)
 Metaspace       used 67272K, committed 68480K, reserved 1114112K
  class space    used 6912K, committed 7424K, reserved 1048576K
}

